<?xml version="1.0" encoding="UTF-8"?>
<coverage generated="1778718501995" clover="3.2.0">
  <project timestamp="1778718501995" name="All files">
    <metrics statements="20" coveredstatements="20" conditionals="17" coveredconditionals="17" methods="3" coveredmethods="3" elements="40" coveredelements="40" complexity="0" loc="20" ncloc="20" packages="1" files="1" classes="1"/>
    <file name="booking.js" path="/workspaces/Alex99887766.github.io/js/booking.js">
      <metrics statements="20" coveredstatements="20" conditionals="17" coveredconditionals="17" methods="3" coveredmethods="3"/>
      <line num="2" count="1" type="stmt"/>
      <line num="3" count="1" type="stmt"/>
      <line num="4" count="1" type="stmt"/>
      <line num="6" count="1" type="stmt"/>
      <line num="13" count="1" type="stmt"/>
      <line num="15" count="7" type="stmt"/>
      <line num="19" count="10" type="cond" truecount="4" falsecount="0"/>
      <line num="21" count="8" type="cond" truecount="2" falsecount="0"/>
      <line num="23" count="10" type="cond" truecount="2" falsecount="0"/>
      <line num="24" count="1" type="stmt"/>
      <line num="27" count="8" type="cond" truecount="2" falsecount="0"/>
      <line num="29" count="8" type="stmt"/>
      <line num="31" count="8" type="stmt"/>
      <line num="33" count="8" type="cond" truecount="2" falsecount="0"/>
      <line num="34" count="8" type="cond" truecount="2" falsecount="0"/>
      <line num="36" count="8" type="stmt"/>
      <line num="40" count="2" type="stmt"/>
      <line num="41" count="2" type="stmt"/>
      <line num="42" count="2" type="stmt"/>
      <line num="43" count="2" type="cond" truecount="2" falsecount="0"/>
    </file>
  </project>
</coverage>
