{"/workspaces/Alex99887766.github.io/js/booking.js": {"path":"/workspaces/Alex99887766.github.io/js/booking.js","statementMap":{"0":{"start":{"line":2,"column":24},"end":{"line":2,"column":26}},"1":{"start":{"line":3,"column":26},"end":{"line":3,"column":27}},"2":{"start":{"line":4,"column":22},"end":{"line":4,"column":24}},"3":{"start":{"line":6,"column":26},"end":{"line":10,"column":1}},"4":{"start":{"line":13,"column":28},"end":{"line":45,"column":1}},"5":{"start":{"line":15,"column":8},"end":{"line":15,"column":19}},"6":{"start":{"line":19,"column":8},"end":{"line":19,"column":null}},"7":{"start":{"line":19,"column":40},"end":{"line":19,"column":null}},"8":{"start":{"line":21,"column":28},"end":{"line":21,"column":71}},"9":{"start":{"line":23,"column":8},"end":{"line":25,"column":null}},"10":{"start":{"line":24,"column":12},"end":{"line":24,"column":null}},"11":{"start":{"line":27,"column":8},"end":{"line":27,"column":null}},"12":{"start":{"line":27,"column":34},"end":{"line":27,"column":null}},"13":{"start":{"line":29,"column":27},"end":{"line":29,"column":53}},"14":{"start":{"line":31,"column":20},"end":{"line":31,"column":55}},"15":{"start":{"line":33,"column":8},"end":{"line":33,"column":null}},"16":{"start":{"line":33,"column":25},"end":{"line":33,"column":null}},"17":{"start":{"line":34,"column":8},"end":{"line":34,"column":null}},"18":{"start":{"line":34,"column":45},"end":{"line":34,"column":null}},"19":{"start":{"line":36,"column":8},"end":{"line":36,"column":null}},"20":{"start":{"line":40,"column":22},"end":{"line":40,"column":39}},"21":{"start":{"line":41,"column":20},"end":{"line":41,"column":38}},"22":{"start":{"line":42,"column":21},"end":{"line":42,"column":32}},"23":{"start":{"line":43,"column":8},"end":{"line":43,"column":null}}},"fnMap":{"0":{"name":"(anonymous_0)","decl":{"start":{"line":14,"column":4},"end":{"line":14,"column":23}},"loc":{"start":{"line":14,"column":26},"end":{"line":16,"column":5}},"line":14},"1":{"name":"(anonymous_1)","decl":{"start":{"line":18,"column":4},"end":{"line":18,"column":25}},"loc":{"start":{"line":18,"column":66},"end":{"line":37,"column":5}},"line":18},"2":{"name":"(anonymous_2)","decl":{"start":{"line":39,"column":4},"end":{"line":39,"column":19}},"loc":{"start":{"line":39,"column":39},"end":{"line":44,"column":null}},"line":39}},"branchMap":{"0":{"loc":{"start":{"line":18,"column":52},"end":{"line":18,"column":64}},"type":"default-arg","locations":[{"start":{"line":18,"column":62},"end":{"line":18,"column":64}}],"line":18},"1":{"loc":{"start":{"line":19,"column":8},"end":{"line":19,"column":null}},"type":"if","locations":[{"start":{"line":19,"column":8},"end":{"line":19,"column":null}},{"start":{},"end":{}}],"line":19},"2":{"loc":{"start":{"line":19,"column":12},"end":{"line":19,"column":38}},"type":"binary-expr","locations":[{"start":{"line":19,"column":12},"end":{"line":19,"column":23}},{"start":{"line":19,"column":27},"end":{"line":19,"column":38}}],"line":19},"3":{"loc":{"start":{"line":21,"column":28},"end":{"line":21,"column":71}},"type":"binary-expr","locations":[{"start":{"line":21,"column":28},"end":{"line":21,"column":48}},{"start":{"line":21,"column":52},"end":{"line":21,"column":71}}],"line":21},"4":{"loc":{"start":{"line":23,"column":8},"end":{"line":25,"column":null}},"type":"if","locations":[{"start":{"line":23,"column":8},"end":{"line":25,"column":null}},{"start":{},"end":{}}],"line":23},"5":{"loc":{"start":{"line":27,"column":8},"end":{"line":27,"column":null}},"type":"if","locations":[{"start":{"line":27,"column":8},"end":{"line":27,"column":null}},{"start":{},"end":{}}],"line":27},"6":{"loc":{"start":{"line":33,"column":8},"end":{"line":33,"column":null}},"type":"if","locations":[{"start":{"line":33,"column":8},"end":{"line":33,"column":null}},{"start":{},"end":{}}],"line":33},"7":{"loc":{"start":{"line":34,"column":8},"end":{"line":34,"column":null}},"type":"if","locations":[{"start":{"line":34,"column":8},"end":{"line":34,"column":null}},{"start":{},"end":{}}],"line":34},"8":{"loc":{"start":{"line":43,"column":15},"end":{"line":43,"column":69}},"type":"cond-expr","locations":[{"start":{"line":43,"column":26},"end":{"line":43,"column":65}},{"start":{"line":43,"column":68},"end":{"line":43,"column":69}}],"line":43}},"s":{"0":1,"1":1,"2":1,"3":1,"4":1,"5":7,"6":10,"7":2,"8":8,"9":10,"10":1,"11":8,"12":1,"13":8,"14":8,"15":8,"16":1,"17":8,"18":1,"19":8,"20":2,"21":2,"22":2,"23":2},"f":{"0":7,"1":10,"2":2},"b":{"0":[10],"1":[2,8],"2":[10,9],"3":[8,1],"4":[1,9],"5":[1,7],"6":[1,7],"7":[1,7],"8":[1,1]},"meta":{"lastBranch":9,"lastFunction":3,"lastStatement":24,"seen":{"s:2:24:2:26":0,"s:3:26:3:27":1,"s:4:22:4:24":2,"s:6:26:10:1":3,"s:13:28:45:1":4,"f:14:4:14:23":0,"s:15:8:15:19":5,"f:18:4:18:25":1,"b:18:62:18:64":0,"b:19:8:19:Infinity:undefined:undefined:undefined:undefined":1,"s:19:8:19:Infinity":6,"b:19:12:19:23:19:27:19:38":2,"s:19:40:19:Infinity":7,"s:21:28:21:71":8,"b:21:28:21:48:21:52:21:71":3,"b:23:8:25:Infinity:undefined:undefined:undefined:undefined":4,"s:23:8:25:Infinity":9,"s:24:12:24:Infinity":10,"b:27:8:27:Infinity:undefined:undefined:undefined:undefined":5,"s:27:8:27:Infinity":11,"s:27:34:27:Infinity":12,"s:29:27:29:53":13,"s:31:20:31:55":14,"b:33:8:33:Infinity:undefined:undefined:undefined:undefined":6,"s:33:8:33:Infinity":15,"s:33:25:33:Infinity":16,"b:34:8:34:Infinity:undefined:undefined:undefined:undefined":7,"s:34:8:34:Infinity":17,"s:34:45:34:Infinity":18,"s:36:8:36:Infinity":19,"f:39:4:39:19":2,"s:40:22:40:39":20,"s:41:20:41:38":21,"s:42:21:42:32":22,"s:43:8:43:Infinity":23,"b:43:26:43:65:43:68:43:69":8}}}
}
